2015-06-25 17:00:29,523 - [INFO] - from play in pool-13-thread-5 
Listening for HTTP on /0:0:0:0:0:0:0:0:9000

2015-06-25 17:02:30,211 - [INFO] - from play in play-internal-execution-context-1 
datasource [jdbc:h2:ntd.ix/h2/ntd] bound to JNDI as DefaultDS

2015-06-25 17:02:30,212 - [DEBUG] - from com.jolbox.bonecp.BoneCPDataSource in play-internal-execution-context-1 
JDBC URL = jdbc:h2:ntd.ix/h2/ntd, Username = sa, partitions = 1, max (per partition) = 30, min (per partition) = 5, idle max age = 10 min, idle test period = 1 min, strategy = DEFAULT

2015-06-25 17:02:30,682 - [INFO] - from play in play-internal-execution-context-1 
database [default] connected at jdbc:h2:ntd.ix/h2/ntd

2015-06-25 17:02:30,960 - [INFO] - from application in play-internal-execution-context-1 
Method "modified"[ix.core.models.ETag] is registered for javax.persistence.PrePersist

2015-06-25 17:02:30,960 - [INFO] - from application in play-internal-execution-context-1 
Method "modified"[ix.core.models.ETag] is registered for javax.persistence.PreUpdate

2015-06-25 17:02:30,983 - [INFO] - from application in play-internal-execution-context-1 
Method "calcChecksum"[ix.core.models.VIntArray] is registered for javax.persistence.PrePersist

2015-06-25 17:02:30,983 - [INFO] - from application in play-internal-execution-context-1 
Method "calcChecksum"[ix.core.models.VIntArray] is registered for javax.persistence.PreUpdate

2015-06-25 17:02:30,987 - [INFO] - from application in play-internal-execution-context-1 
Method "orderAuthors"[ix.core.models.Publication] is registered for javax.persistence.PostLoad

2015-06-25 17:02:30,995 - [INFO] - from application in play-internal-execution-context-1 
Method "calcChecksum"[ix.core.models.VBin] is registered for javax.persistence.PrePersist

2015-06-25 17:02:30,995 - [INFO] - from application in play-internal-execution-context-1 
Method "calcChecksum"[ix.core.models.VBin] is registered for javax.persistence.PreUpdate

2015-06-25 17:02:30,997 - [INFO] - from application in play-internal-execution-context-1 
Method "modified"[ix.core.models.XRef] is registered for javax.persistence.PrePersist

2015-06-25 17:02:30,997 - [INFO] - from application in play-internal-execution-context-1 
Method "modified"[ix.core.models.XRef] is registered for javax.persistence.PreUpdate

2015-06-25 17:02:31,004 - [INFO] - from application in play-internal-execution-context-1 
Method "modified"[ix.core.models.Predicate] is registered for javax.persistence.PrePersist

2015-06-25 17:02:31,004 - [INFO] - from application in play-internal-execution-context-1 
Method "modified"[ix.core.models.Predicate] is registered for javax.persistence.PreUpdate

2015-06-25 17:02:31,025 - [INFO] - from application in play-internal-execution-context-1 
Method "modified"[ix.core.models.Principal] is registered for javax.persistence.PrePersist

2015-06-25 17:02:31,026 - [INFO] - from application in play-internal-execution-context-1 
Method "modified"[ix.core.models.Principal] is registered for javax.persistence.PreUpdate

2015-06-25 17:02:31,030 - [INFO] - from application in play-internal-execution-context-1 
Method "modified"[ix.core.models.Structure] is registered for javax.persistence.PrePersist

2015-06-25 17:02:31,030 - [INFO] - from application in play-internal-execution-context-1 
Method "modified"[ix.core.models.Structure] is registered for javax.persistence.PreUpdate

2015-06-25 17:02:31,034 - [INFO] - from application in play-internal-execution-context-1 
Method "modified"[ix.core.models.Author] is registered for javax.persistence.PrePersist

2015-06-25 17:02:31,034 - [INFO] - from application in play-internal-execution-context-1 
Method "modified"[ix.core.models.Author] is registered for javax.persistence.PreUpdate

2015-06-25 17:02:31,165 - [ERROR] - from application in New I/O worker #1 


! @6mi3h2bla - Internal server error, for (GET) [/ntd/index] ->

play.api.db.evolutions.InvalidDatabaseRevision: Database 'default' needs evolution![An SQL script need to be run on your database.]
	at play.api.db.evolutions.EvolutionsPlugin$$anonfun$onStart$1$$anonfun$apply$1.apply$mcV$sp(Evolutions.scala:510) ~[play-jdbc_2.10-2.3.9.jar:2.3.9]
	at play.api.db.evolutions.EvolutionsPlugin.withLock(Evolutions.scala:531) ~[play-jdbc_2.10-2.3.9.jar:2.3.9]
	at play.api.db.evolutions.EvolutionsPlugin$$anonfun$onStart$1.apply(Evolutions.scala:485) ~[play-jdbc_2.10-2.3.9.jar:2.3.9]
	at play.api.db.evolutions.EvolutionsPlugin$$anonfun$onStart$1.apply(Evolutions.scala:483) ~[play-jdbc_2.10-2.3.9.jar:2.3.9]
	at scala.collection.immutable.List.foreach(List.scala:318) ~[scala-library.jar:na]
	at play.api.db.evolutions.EvolutionsPlugin.onStart(Evolutions.scala:483) ~[play-jdbc_2.10-2.3.9.jar:2.3.9]
	at play.api.Play$$anonfun$start$1$$anonfun$apply$mcV$sp$1.apply(Play.scala:91) ~[play_2.10-2.3.9.jar:2.3.9]
	at play.api.Play$$anonfun$start$1$$anonfun$apply$mcV$sp$1.apply(Play.scala:91) ~[play_2.10-2.3.9.jar:2.3.9]
	at scala.collection.immutable.List.foreach(List.scala:318) ~[scala-library.jar:na]
	at play.api.Play$$anonfun$start$1.apply$mcV$sp(Play.scala:91) ~[play_2.10-2.3.9.jar:2.3.9]
	at play.api.Play$$anonfun$start$1.apply(Play.scala:91) ~[play_2.10-2.3.9.jar:2.3.9]
	at play.api.Play$$anonfun$start$1.apply(Play.scala:91) ~[play_2.10-2.3.9.jar:2.3.9]
	at play.utils.Threads$.withContextClassLoader(Threads.scala:21) ~[play_2.10-2.3.9.jar:2.3.9]
	at play.api.Play$.start(Play.scala:90) ~[play_2.10-2.3.9.jar:2.3.9]
	at play.core.ReloadableApplication$$anonfun$get$1$$anonfun$apply$1$$anonfun$1.apply(ApplicationProvider.scala:157) ~[play_2.10-2.3.9.jar:2.3.9]
	at play.core.ReloadableApplication$$anonfun$get$1$$anonfun$apply$1$$anonfun$1.apply(ApplicationProvider.scala:130) ~[play_2.10-2.3.9.jar:2.3.9]
	at scala.Option.map(Option.scala:145) ~[scala-library.jar:na]
	at play.core.ReloadableApplication$$anonfun$get$1$$anonfun$apply$1.apply(ApplicationProvider.scala:130) ~[play_2.10-2.3.9.jar:2.3.9]
	at play.core.ReloadableApplication$$anonfun$get$1$$anonfun$apply$1.apply(ApplicationProvider.scala:128) ~[play_2.10-2.3.9.jar:2.3.9]
	at scala.util.Success.flatMap(Try.scala:200) ~[scala-library.jar:na]
	at play.core.ReloadableApplication$$anonfun$get$1.apply(ApplicationProvider.scala:128) ~[play_2.10-2.3.9.jar:2.3.9]
	at play.core.ReloadableApplication$$anonfun$get$1.apply(ApplicationProvider.scala:120) ~[play_2.10-2.3.9.jar:2.3.9]
	at scala.concurrent.impl.Future$PromiseCompletingRunnable.liftedTree1$1(Future.scala:24) ~[scala-library.jar:na]
	at scala.concurrent.impl.Future$PromiseCompletingRunnable.run(Future.scala:24) ~[scala-library.jar:na]
	at scala.concurrent.forkjoin.ForkJoinTask$AdaptedRunnableAction.exec(ForkJoinTask.java:1361) ~[scala-library.jar:na]
	at scala.concurrent.forkjoin.ForkJoinTask.doExec(ForkJoinTask.java:260) ~[scala-library.jar:na]
	at scala.concurrent.forkjoin.ForkJoinPool$WorkQueue.runTask(ForkJoinPool.java:1339) ~[scala-library.jar:na]
	at scala.concurrent.forkjoin.ForkJoinPool.runWorker(ForkJoinPool.java:1979) ~[scala-library.jar:na]
	at scala.concurrent.forkjoin.ForkJoinWorkerThread.run(ForkJoinWorkerThread.java:107) ~[scala-library.jar:na]

2015-06-25 17:02:34,364 - [INFO] - from application in play-internal-execution-context-1 
## stopping

2015-06-25 17:02:34,365 - [INFO] - from application in play-internal-execution-context-1 
Plugin ix.core.plugins.StructureProcessorPlugin stopped!

2015-06-25 17:02:34,365 - [INFO] - from application in play-internal-execution-context-1 
Plugin ix.core.plugins.StructureIndexerPlugin stopped!

2015-06-25 17:02:34,365 - [INFO] - from application in play-internal-execution-context-1 
Plugin ix.core.plugins.PayloadPlugin stopped!

2015-06-25 17:02:34,365 - [INFO] - from application in play-internal-execution-context-1 
Plugin ix.core.plugins.PersistenceQueue stopped!

2015-06-25 17:02:34,365 - [INFO] - from application in play-internal-execution-context-1 
Stopping plugin ix.core.plugins.IxCache

2015-06-25 17:02:34,368 - [INFO] - from application in play-internal-execution-context-1 
Stopping plugin ix.core.plugins.IxContext

2015-06-25 17:02:34,369 - [WARN] - from play in play-internal-execution-context-1 
Error stopping plugin
java.lang.NullPointerException: null
	at play.libs.ws.ning.NingWSPlugin.onStop(NingWSPlugin.java:31) ~[play-java-ws_2.10-2.3.9.jar:2.3.9]
	at play.api.Play$$anonfun$stop$1$$anonfun$apply$1$$anonfun$apply$mcV$sp$2.apply(Play.scala:108) [play_2.10-2.3.9.jar:2.3.9]
	at play.api.Play$$anonfun$stop$1$$anonfun$apply$1$$anonfun$apply$mcV$sp$2.apply(Play.scala:107) [play_2.10-2.3.9.jar:2.3.9]
	at scala.collection.immutable.List.foreach(List.scala:318) [scala-library.jar:na]
	at play.api.Play$$anonfun$stop$1$$anonfun$apply$1.apply$mcV$sp(Play.scala:107) [play_2.10-2.3.9.jar:2.3.9]
	at play.api.Play$$anonfun$stop$1$$anonfun$apply$1.apply(Play.scala:107) [play_2.10-2.3.9.jar:2.3.9]
	at play.api.Play$$anonfun$stop$1$$anonfun$apply$1.apply(Play.scala:107) [play_2.10-2.3.9.jar:2.3.9]
	at play.utils.Threads$.withContextClassLoader(Threads.scala:21) [play_2.10-2.3.9.jar:2.3.9]
	at play.api.Play$$anonfun$stop$1.apply(Play.scala:106) [play_2.10-2.3.9.jar:2.3.9]
	at play.api.Play$$anonfun$stop$1.apply(Play.scala:105) [play_2.10-2.3.9.jar:2.3.9]
	at scala.Option.map(Option.scala:145) [scala-library.jar:na]
	at play.api.Play$.stop(Play.scala:105) [play_2.10-2.3.9.jar:2.3.9]
	at play.core.ReloadableApplication$$anonfun$get$1$$anonfun$apply$1$$anonfun$1.apply(ApplicationProvider.scala:142) [play_2.10-2.3.9.jar:2.3.9]
	at play.core.ReloadableApplication$$anonfun$get$1$$anonfun$apply$1$$anonfun$1.apply(ApplicationProvider.scala:130) [play_2.10-2.3.9.jar:2.3.9]
	at scala.Option.map(Option.scala:145) [scala-library.jar:na]
	at play.core.ReloadableApplication$$anonfun$get$1$$anonfun$apply$1.apply(ApplicationProvider.scala:130) [play_2.10-2.3.9.jar:2.3.9]
	at play.core.ReloadableApplication$$anonfun$get$1$$anonfun$apply$1.apply(ApplicationProvider.scala:128) [play_2.10-2.3.9.jar:2.3.9]
	at scala.util.Success.flatMap(Try.scala:200) [scala-library.jar:na]
	at play.core.ReloadableApplication$$anonfun$get$1.apply(ApplicationProvider.scala:128) [play_2.10-2.3.9.jar:2.3.9]
	at play.core.ReloadableApplication$$anonfun$get$1.apply(ApplicationProvider.scala:120) [play_2.10-2.3.9.jar:2.3.9]
	at scala.concurrent.impl.Future$PromiseCompletingRunnable.liftedTree1$1(Future.scala:24) [scala-library.jar:na]
	at scala.concurrent.impl.Future$PromiseCompletingRunnable.run(Future.scala:24) [scala-library.jar:na]
	at scala.concurrent.forkjoin.ForkJoinTask$AdaptedRunnableAction.exec(ForkJoinTask.java:1361) [scala-library.jar:na]
	at scala.concurrent.forkjoin.ForkJoinTask.doExec(ForkJoinTask.java:260) [scala-library.jar:na]
	at scala.concurrent.forkjoin.ForkJoinPool$WorkQueue.runTask(ForkJoinPool.java:1339) [scala-library.jar:na]
	at scala.concurrent.forkjoin.ForkJoinPool.runWorker(ForkJoinPool.java:1979) [scala-library.jar:na]
	at scala.concurrent.forkjoin.ForkJoinWorkerThread.run(ForkJoinWorkerThread.java:107) [scala-library.jar:na]

2015-06-25 17:02:34,370 - [INFO] - from com.jolbox.bonecp.BoneCP in play-internal-execution-context-1 
Shutting down connection pool...

2015-06-25 17:02:34,370 - [DEBUG] - from com.jolbox.bonecp.PoolWatchThread in BoneCP-pool-watch-thread 
Terminating pool watch thread

2015-06-25 17:02:34,394 - [INFO] - from com.jolbox.bonecp.BoneCP in play-internal-execution-context-1 
Connection pool has been shutdown.

2015-06-25 17:02:34,394 - [DEBUG] - from com.jolbox.bonecp.BoneCPDataSource in play-internal-execution-context-1 
Connection pool has been shut down

2015-06-25 17:02:34,466 - [INFO] - from play in play-internal-execution-context-1 
datasource [jdbc:h2:ntd.ix/h2/ntd] bound to JNDI as DefaultDS

2015-06-25 17:02:34,466 - [DEBUG] - from com.jolbox.bonecp.BoneCPDataSource in play-internal-execution-context-1 
JDBC URL = jdbc:h2:ntd.ix/h2/ntd, Username = sa, partitions = 1, max (per partition) = 30, min (per partition) = 5, idle max age = 10 min, idle test period = 1 min, strategy = DEFAULT

2015-06-25 17:02:34,712 - [INFO] - from play in play-internal-execution-context-1 
database [default] connected at jdbc:h2:ntd.ix/h2/ntd

2015-06-25 17:02:34,836 - [INFO] - from application in play-internal-execution-context-1 
Method "modified"[ix.core.models.ETag] is registered for javax.persistence.PrePersist

2015-06-25 17:02:34,836 - [INFO] - from application in play-internal-execution-context-1 
Method "modified"[ix.core.models.ETag] is registered for javax.persistence.PreUpdate

2015-06-25 17:02:34,840 - [INFO] - from application in play-internal-execution-context-1 
Method "calcChecksum"[ix.core.models.VIntArray] is registered for javax.persistence.PrePersist

2015-06-25 17:02:34,840 - [INFO] - from application in play-internal-execution-context-1 
Method "calcChecksum"[ix.core.models.VIntArray] is registered for javax.persistence.PreUpdate

2015-06-25 17:02:34,843 - [INFO] - from application in play-internal-execution-context-1 
Method "orderAuthors"[ix.core.models.Publication] is registered for javax.persistence.PostLoad

2015-06-25 17:02:34,848 - [INFO] - from application in play-internal-execution-context-1 
Method "calcChecksum"[ix.core.models.VBin] is registered for javax.persistence.PrePersist

2015-06-25 17:02:34,848 - [INFO] - from application in play-internal-execution-context-1 
Method "calcChecksum"[ix.core.models.VBin] is registered for javax.persistence.PreUpdate

2015-06-25 17:02:34,850 - [INFO] - from application in play-internal-execution-context-1 
Method "modified"[ix.core.models.XRef] is registered for javax.persistence.PrePersist

2015-06-25 17:02:34,850 - [INFO] - from application in play-internal-execution-context-1 
Method "modified"[ix.core.models.XRef] is registered for javax.persistence.PreUpdate

2015-06-25 17:02:34,856 - [INFO] - from application in play-internal-execution-context-1 
Method "modified"[ix.core.models.Predicate] is registered for javax.persistence.PrePersist

2015-06-25 17:02:34,856 - [INFO] - from application in play-internal-execution-context-1 
Method "modified"[ix.core.models.Predicate] is registered for javax.persistence.PreUpdate

2015-06-25 17:02:34,875 - [INFO] - from application in play-internal-execution-context-1 
Method "modified"[ix.core.models.Principal] is registered for javax.persistence.PrePersist

2015-06-25 17:02:34,875 - [INFO] - from application in play-internal-execution-context-1 
Method "modified"[ix.core.models.Principal] is registered for javax.persistence.PreUpdate

2015-06-25 17:02:34,880 - [INFO] - from application in play-internal-execution-context-1 
Method "modified"[ix.core.models.Structure] is registered for javax.persistence.PrePersist

2015-06-25 17:02:34,880 - [INFO] - from application in play-internal-execution-context-1 
Method "modified"[ix.core.models.Structure] is registered for javax.persistence.PreUpdate

2015-06-25 17:02:34,885 - [INFO] - from application in play-internal-execution-context-1 
Method "modified"[ix.core.models.Author] is registered for javax.persistence.PrePersist

2015-06-25 17:02:34,885 - [INFO] - from application in play-internal-execution-context-1 
Method "modified"[ix.core.models.Author] is registered for javax.persistence.PreUpdate

2015-06-25 17:02:34,999 - [INFO] - from application in play-internal-execution-context-1 
Loading plugin ix.core.plugins.IxContext...

2015-06-25 17:02:35,000 - [INFO] - from application in play-internal-execution-context-1 
## ix.home: "/data/workspace/inxight/ntd.ix"

2015-06-25 17:02:35,000 - [INFO] - from application in play-internal-execution-context-1 
## ix.cache.base: "/data/workspace/inxight/ntd.ix/cache"

2015-06-25 17:02:35,000 - [INFO] - from application in play-internal-execution-context-1 
## ix.cache.time: 86400s

2015-06-25 17:02:35,000 - [INFO] - from application in play-internal-execution-context-1 
## ix.text.base: "/data/workspace/inxight/ntd.ix/text"

2015-06-25 17:02:35,000 - [INFO] - from application in play-internal-execution-context-1 
## ix.h2.base: "/data/workspace/inxight/ntd.ix/h2"

2015-06-25 17:02:35,000 - [INFO] - from application in play-internal-execution-context-1 
## ix.payload.base: "/data/workspace/inxight/ntd.ix/payload"

2015-06-25 17:02:35,000 - [INFO] - from application in play-internal-execution-context-1 
## ix.structure.base: "/data/workspace/inxight/ntd.ix/structure"

2015-06-25 17:02:35,000 - [INFO] - from application in play-internal-execution-context-1 
## ix.debug: 1

2015-06-25 17:02:35,001 - [INFO] - from application in play-internal-execution-context-1 
## Database vendor: H2 1.3.175 (2014-01-18)

2015-06-25 17:02:35,001 - [INFO] - from application in play-internal-execution-context-1 
## Application host: null

2015-06-25 17:02:35,001 - [INFO] - from application in play-internal-execution-context-1 
## Application context: /ntd

2015-06-25 17:02:35,001 - [INFO] - from application in play-internal-execution-context-1 
## Application api context: /ntd/api/v1

2015-06-25 17:02:35,001 - [INFO] - from application in play-internal-execution-context-1 
Loading plugin ix.core.plugins.IxCache...

2015-06-25 17:02:35,006 - [INFO] - from application in play-internal-execution-context-1 
Loading plugin ix.core.plugins.TextIndexerPlugin...

2015-06-25 17:02:35,006 - [DEBUG] - from application in pool-273-thread-1 
## ix.core.plugins.PersistenceQueue starts thread pool-273-thread-1

2015-06-25 17:02:35,154 - [INFO] - from application in play-internal-execution-context-1 
## FacetsConfig loaded with 4 dimensions!

2015-06-25 17:02:35,154 - [INFO] - from application in play-internal-execution-context-1 
## ntd.ix/text/suggest: 0 lookups loaded!

2015-06-25 17:02:35,155 - [INFO] - from application in play-internal-execution-context-1 
## 0 sort fields defined!

2015-06-25 17:02:35,155 - [DEBUG] - from application in pool-274-thread-2 
Thread[pool-274-thread-2,5,main]: FetchWorker started at Thu Jun 25 17:02:35 EDT 2015

2015-06-25 17:02:35,155 - [DEBUG] - from application in pool-274-thread-1 
Thread[pool-274-thread-1,5,main]: FetchWorker started at Thu Jun 25 17:02:35 EDT 2015

2015-06-25 17:02:35,155 - [DEBUG] - from application in pool-274-thread-4 
Thread[pool-274-thread-4,5,main]: FetchWorker started at Thu Jun 25 17:02:35 EDT 2015

2015-06-25 17:02:35,155 - [DEBUG] - from application in pool-274-thread-3 
Thread[pool-274-thread-3,5,main]: FetchWorker started at Thu Jun 25 17:02:35 EDT 2015

2015-06-25 17:02:35,155 - [INFO] - from application in play-internal-execution-context-1 
Plugin ix.core.plugins.EutilsPlugin initialized!

2015-06-25 17:02:35,155 - [INFO] - from application in play-internal-execution-context-1 
Loading plugin ix.core.plugins.PayloadPlugin...

2015-06-25 17:02:35,256 - [INFO] - from application in play-internal-execution-context-1 
Plugin ix.core.plugins.StructureProcessorPlugin initialized; Akka version 2.3.4

2015-06-25 17:02:35,273 - [INFO] - from application in play-internal-execution-context-1 
Global instance ix.utils.Global@3e92b9a5

2015-06-25 17:02:35,378 - [INFO] - from application in play-internal-execution-context-1 
14 named resources...

2015-06-25 17:02:35,379 - [INFO] - from application in play-internal-execution-context-1 
+ ix.core.controllers.PredicateFactory
  => /ntd/api/v1/predicates[ix.core.models.Predicate]

2015-06-25 17:02:35,384 - [INFO] - from application in play-internal-execution-context-1 
+ ix.core.controllers.XRefFactory
  => /ntd/api/v1/xrefs[ix.core.models.XRef]

2015-06-25 17:02:35,384 - [INFO] - from application in play-internal-execution-context-1 
+ ix.core.controllers.PayloadFactory
  => /ntd/api/v1/payload[ix.core.models.Payload]

2015-06-25 17:02:35,384 - [INFO] - from application in play-internal-execution-context-1 
+ ix.core.controllers.JournalFactory
  => /ntd/api/v1/journals[ix.core.models.Journal]

2015-06-25 17:02:35,385 - [INFO] - from application in play-internal-execution-context-1 
+ ix.core.controllers.FigureFactory
  => /ntd/api/v1/figures[ix.core.models.Figure]

2015-06-25 17:02:35,385 - [INFO] - from application in play-internal-execution-context-1 
+ ix.core.controllers.OrganizationFactory
  => /ntd/api/v1/organizations[ix.core.models.Organization]

2015-06-25 17:02:35,385 - [INFO] - from application in play-internal-execution-context-1 
+ ix.core.controllers.ValueFactory
  => /ntd/api/v1/values[ix.core.models.Value]

2015-06-25 17:02:35,385 - [INFO] - from application in play-internal-execution-context-1 
+ ix.core.controllers.StructureFactory
  => /ntd/api/v1/structures[ix.core.models.Structure]

2015-06-25 17:02:35,385 - [INFO] - from application in play-internal-execution-context-1 
+ ix.core.controllers.NamespaceFactory
  => /ntd/api/v1/namespaces[ix.core.models.Namespace]

2015-06-25 17:02:35,385 - [INFO] - from application in play-internal-execution-context-1 
+ ix.core.controllers.ProcessingJobFactory
  => /ntd/api/v1/jobs[ix.core.models.ProcessingJob]

2015-06-25 17:02:35,385 - [INFO] - from application in play-internal-execution-context-1 
+ ix.core.controllers.MeshFactory
  => /ntd/api/v1/mesh[ix.core.models.Mesh]

2015-06-25 17:02:35,385 - [INFO] - from application in play-internal-execution-context-1 
+ ix.core.controllers.KeywordFactory
  => /ntd/api/v1/keywords[ix.core.models.Keyword]

2015-06-25 17:02:35,385 - [INFO] - from application in play-internal-execution-context-1 
+ ix.core.controllers.PublicationFactory
  => /ntd/api/v1/publications[ix.core.models.Publication]

2015-06-25 17:02:35,385 - [INFO] - from application in play-internal-execution-context-1 
+ ix.core.controllers.InvestigatorFactory
  => /ntd/api/v1/investigators[ix.core.models.Investigator]

2015-06-25 17:02:35,388 - [INFO] - from play in play-internal-execution-context-1 
Application started (Dev)

